Setting pipeline to PAUSED ...
Pipeline is live and does not need PREROLL ...
Got context from element 'souphttpsrc0': gst.soup.session=context, session=(SoupSession)NULL, force=(boolean)false;
Setting pipeline to PLAYING ...
New clock: GstSystemClock
/GstPipeline:pipeline0/GstCapsFilter:capsfilter0.GstPad:src: caps = audio/x-raw, format=(string)S16LE, layout=(string)interleaved, rate=(int)44100, channels=(int)1
/GstPipeline:pipeline0/GstQueue:queue0.GstPad:sink: caps = audio/x-raw, format=(string)S16LE, layout=(string)interleaved, rate=(int)44100, channels=(int)1
/GstPipeline:pipeline0/GstQueue:queue0.GstPad:src: caps = audio/x-raw, format=(string)S16LE, layout=(string)interleaved, rate=(int)44100, channels=(int)1
Redistribute latency...
/GstPipeline:pipeline0/GstPulseSink:pulsesink0.GstPad:sink: caps = audio/x-raw, format=(string)S16LE, layout=(string)interleaved, rate=(int)44100, channels=(int)1
/GstPipeline:pipeline0/GstDecodeBin:decodebin0.GstGhostPad:sink.GstProxyPad:proxypad0: caps = image/jpeg
/GstPipeline:pipeline0/GstDecodeBin:decodebin0/GstTypeFindElement:typefind.GstPad:src: caps = image/jpeg
/GstPipeline:pipeline0/GstDecodeBin:decodebin0/GstJpegDec:jpegdec0.GstPad:sink: caps = image/jpeg
/GstPipeline:pipeline0/GstDecodeBin:decodebin0/GstTypeFindElement:typefind.GstPad:sink: caps = image/jpeg
/GstPipeline:pipeline0/GstDecodeBin:decodebin0.GstGhostPad:sink: caps = image/jpeg
/GstPipeline:pipeline0/GstDecodeBin:decodebin0/GstJpegDec:jpegdec0.GstPad:src: caps = video/x-raw, format=(string)I420, width=(int)1920, height=(int)1080, interlace-mode=(string)progressive, multiview-mode=(string)mono, multiview-flags=(GstVideoMultiviewFlagsSet)0:ffffffff:/right-view-first/left-flipped/left-flopped/right-flipped/right-flopped/half-aspect/mixed-mono, pixel-aspect-ratio=(fraction)1/1, chroma-site=(string)mpeg2, colorimetry=(string)1:4:0:0, framerate=(fraction)0/1
/GstPipeline:pipeline0/GstVideoConvert:videoconvert0.GstPad:src: caps = video/x-raw, width=(int)1920, height=(int)1080, interlace-mode=(string)progressive, multiview-mode=(string)mono, multiview-flags=(GstVideoMultiviewFlagsSet)0:ffffffff:/right-view-first/left-flipped/left-flopped/right-flipped/right-flopped/half-aspect/mixed-mono, pixel-aspect-ratio=(fraction)1/1, framerate=(fraction)0/1, format=(string)YUY2, colorimetry=(string)2:4:7:1
/GstPipeline:pipeline0/GstVideoScale:videoscale0.GstPad:src: caps = video/x-raw, width=(int)1280, height=(int)720, interlace-mode=(string)progressive, multiview-mode=(string)mono, multiview-flags=(GstVideoMultiviewFlagsSet)0:ffffffff:/right-view-first/left-flipped/left-flopped/right-flipped/right-flopped/half-aspect/mixed-mono, pixel-aspect-ratio=(fraction)1/1, framerate=(fraction)0/1, format=(string)YUY2, colorimetry=(string)2:4:7:1
/GstPipeline:pipeline0/GstCapsFilter:capsfilter1.GstPad:src: caps = video/x-raw, width=(int)1280, height=(int)720, interlace-mode=(string)progressive, multiview-mode=(string)mono, multiview-flags=(GstVideoMultiviewFlagsSet)0:ffffffff:/right-view-first/left-flipped/left-flopped/right-flipped/right-flopped/half-aspect/mixed-mono, pixel-aspect-ratio=(fraction)1/1, framerate=(fraction)0/1, format=(string)YUY2, colorimetry=(string)2:4:7:1
/GstPipeline:pipeline0/GstV4l2Sink:v4l2sink0.GstPad:sink: caps = video/x-raw, width=(int)1280, height=(int)720, interlace-mode=(string)progressive, multiview-mode=(string)mono, multiview-flags=(GstVideoMultiviewFlagsSet)0:ffffffff:/right-view-first/left-flipped/left-flopped/right-flipped/right-flopped/half-aspect/mixed-mono, pixel-aspect-ratio=(fraction)1/1, framerate=(fraction)0/1, format=(string)YUY2, colorimetry=(string)2:4:7:1
/GstPipeline:pipeline0/GstCapsFilter:capsfilter1.GstPad:sink: caps = video/x-raw, width=(int)1280, height=(int)720, interlace-mode=(string)progressive, multiview-mode=(string)mono, multiview-flags=(GstVideoMultiviewFlagsSet)0:ffffffff:/right-view-first/left-flipped/left-flopped/right-flipped/right-flopped/half-aspect/mixed-mono, pixel-aspect-ratio=(fraction)1/1, framerate=(fraction)0/1, format=(string)YUY2, colorimetry=(string)2:4:7:1
/GstPipeline:pipeline0/GstVideoScale:videoscale0.GstPad:sink: caps = video/x-raw, width=(int)1920, height=(int)1080, interlace-mode=(string)progressive, multiview-mode=(string)mono, multiview-flags=(GstVideoMultiviewFlagsSet)0:ffffffff:/right-view-first/left-flipped/left-flopped/right-flipped/right-flopped/half-aspect/mixed-mono, pixel-aspect-ratio=(fraction)1/1, framerate=(fraction)0/1, format=(string)YUY2, colorimetry=(string)2:4:7:1
/GstPipeline:pipeline0/GstVideoConvert:videoconvert0.GstPad:sink: caps = video/x-raw, format=(string)I420, width=(int)1920, height=(int)1080, interlace-mode=(string)progressive, multiview-mode=(string)mono, multiview-flags=(GstVideoMultiviewFlagsSet)0:ffffffff:/right-view-first/left-flipped/left-flopped/right-flipped/right-flopped/half-aspect/mixed-mono, pixel-aspect-ratio=(fraction)1/1, chroma-site=(string)mpeg2, colorimetry=(string)1:4:0:0, framerate=(fraction)0/1
/GstPipeline:pipeline0/GstDecodeBin:decodebin0.GstDecodePad:src_0.GstProxyPad:proxypad1: caps = video/x-raw, format=(string)I420, width=(int)1920, height=(int)1080, interlace-mode=(string)progressive, multiview-mode=(string)mono, multiview-flags=(GstVideoMultiviewFlagsSet)0:ffffffff:/right-view-first/left-flipped/left-flopped/right-flipped/right-flopped/half-aspect/mixed-mono, pixel-aspect-ratio=(fraction)1/1, chroma-site=(string)mpeg2, colorimetry=(string)1:4:0:0, framerate=(fraction)0/1
FOUND TAG      : found by element "v4l2sink0".
container format: Multipart
/GstPipeline:pipeline0/GstPulseSink:pulsesink0: volume = 1
/GstPipeline:pipeline0/GstPulseSink:pulsesink0: mute = false
/GstPipeline:pipeline0/GstPulseSink:pulsesink0: current-device = ipwebcam
/GstPipeline:pipeline0/GstPulseSink:pulsesink0: volume = 1
/GstPipeline:pipeline0/GstPulseSink:pulsesink0: mute = false
/GstPipeline:pipeline0/GstPulseSink:pulsesink0: current-device = ipwebcam
